Search and Rewrite code at large scale using AST pattern.
                    __
        ____ ______/ /_      ____ _________  ____
       / __ `/ ___/ __/_____/ __ `/ ___/ _ \/ __ \
      / /_/ (__  ) /_/_____/ /_/ / /  /  __/ /_/ /
      \__,_/____/\__/      \__, /_/   \___/ .___/
                          /____/         /_/


Usage: ast-grep [OPTIONS] <COMMAND>

Commands:
  run          Run one time search or rewrite in command line. (default command)
  scan         Scan and rewrite code by configuration
  test         Test ast-grep rules
  new          Create new ast-grep project or items like rules/tests
  lsp          Start language server
  completions  Generate shell completion script
  help         Print this message or the help of the given subcommand(s)

Options:
  -c, --config <CONFIG_FILE>
          Path to ast-grep root config, default is sgconfig.yml

  -h, --help
          Print help (see a summary with '-h')

  -V, --version
          Print version
