[0;36m[INFO][0m    [2026-01-31 00:22:19] Usando uv (fast mode)
[0;36m[INFO][0m    [2026-01-31 00:22:20] === Quality Pipeline v2.3 Iniciado ===
[0;36m[INFO][0m    [2026-01-31 00:22:20] Modo: dry-run | Verbose: false
[0;36m[INFO][0m    [2026-01-31 00:22:20] Verificando dependências do sistema...
[1;33m[WARN][0m    [2026-01-31 00:22:21] Safety não encontrado - instale com: pip install safety
[1;33m[WARN][0m    [2026-01-31 00:22:22] SonarLint CLI não encontrado
[0;36m[INFO][0m    [2026-01-31 00:22:22]   Para instalar sonarlint-ls-cli:
[0;36m[INFO][0m    [2026-01-31 00:22:22]     pip install sonarlint-ls-cli
[0;36m[INFO][0m    [2026-01-31 00:22:22]   Ou via Docker:
[0;36m[INFO][0m    [2026-01-31 00:22:23]     docker run --rm -v $(pwd):/src sonarsource/sonarlint-cli
[0;32m[✓][0m       [2026-01-31 00:22:24] Dependências verificadas
[0;36m[INFO][0m    [2026-01-31 00:22:25] Verificando configuração pre-commit...
[0;36m[INFO][0m    [2026-01-31 00:22:25] Instalando hooks pre-commit...
pre-commit installed at .git\hooks\pre-commit
[0;36m[INFO][0m    [2026-01-31 00:22:27] === FASE 1: BASELINE ===
[0;36m[INFO][0m    [2026-01-31 00:22:27] Indexando símbolos → .quality_reports/symbols_before.json
Indexando simbolos...
V 3875 simbolos indexados
[0;36m[INFO][0m    [2026-01-31 00:22:41] Executando Ruff (linter + formatter)...
[1;33m[WARN][0m    [2026-01-31 00:22:43] Ruff: 2367 issue(s) detectado(s)
[0;36m[INFO][0m    [2026-01-31 00:22:43] Executando Mypy (type checking)...
py_rme_canary\logic_layer\item_type_detector.py:211:27: error: Subclass of "Position" and "tuple[Any, ...]" cannot exist: have distinct disjoint bases  [unreachable]
py_rme_canary\logic_layer\item_type_detector.py:211:56: error: Right operand of "and" is never evaluated  [unreachable]
py_rme_canary\logic_layer\item_type_detector.py:212:17: error: Statement is unreachable  [unreachable]
py_rme_canary\core\brush_manager.py:55:5: error: Function is missing a type annotation  [no-untyped-def]
py_rme_canary\core\brush_manager.py:69:5: error: Function is missing a return type annotation  [no-untyped-def]
py_rme_canary\core\brush_manager.py:80:5: error: Function is missing a return type annotation  [no-untyped-def]
py_rme_canary\core\brush_manager.py:102:5: error: Function is missing a return type annotation  [no-untyped-def]
py_rme_canary\core\brush_manager.py:133:9: error: Need type annotation for "all_brushes" (hint: "all_brushes: list[<type>] = ...")  [var-annotated]
py_rme_canary\core\brush_manager.py:175:9: error: Need type annotation for "brushes" (hint: "brushes: list[<type>] = ...")  [var-annotated]
py_rme_canary\core\brush_manager.py:207:33: error: Argument 1 to "int" has incompatible type "str | None"; expected "str | Buffer | SupportsInt | SupportsIndex | SupportsTrunc"  [arg-type]
py_rme_canary\core\brush_manager.py:211:33: error: Argument 1 to "int" has incompatible type "str | None"; expected "str | Buffer | SupportsInt | SupportsIndex | SupportsTrunc"  [arg-type]
py_rme_canary\core\brush_manager.py:259:65: error: Incompatible default for argument "output_path" (default has type "None", argument has type "str")  [assignment]
py_rme_canary\core\brush_manager.py:259:65: note: PEP 484 prohibits implicit Optional. Accordingly, mypy has changed its default to no_implicit_optional=True
py_rme_canary\core\brush_manager.py:259:65: note: Use https://github.com/hauntsaninja/no_implicit_optional to automatically upgrade your codebase
py_rme_canary\core\brush_manager.py:327:39: error: Incompatible default for argument "output_path" (default has type "None", argument has type "str")  [assignment]
py_rme_canary\core\brush_manager.py:327:39: note: PEP 484 prohibits implicit Optional. Accordingly, mypy has changed its default to no_implicit_optional=True
py_rme_canary\core\brush_manager.py:327:39: note: Use https://github.com/hauntsaninja/no_implicit_optional to automatically upgrade your codebase
py_rme_canary\core\brush_manager.py:346:21: error: Incompatible default for argument "rme_path" (default has type "None", argument has type "str")  [assignment]
py_rme_canary\core\brush_manager.py:346:21: note: PEP 484 prohibits implicit Optional. Accordingly, mypy has changed its default to no_implicit_optional=True
py_rme_canary\core\brush_manager.py:346:21: note: Use https://github.com/hauntsaninja/no_implicit_optional to automatically upgrade your codebase
py_rme_canary\core\brush_manager.py:346:46: error: Incompatible default for argument "output_path" (default has type "None", argument has type "str")  [assignment]
py_rme_canary\logic_layer\brush_definitions.py:491: error: Unused "type: ignore" comment  [unused-ignore]
py_rme_canary\logic_layer\brush_definitions.py:492:41: error: Argument 1 to "Path" has incompatible type "Traversable"; expected "str | PathLike[str]"  [arg-type]
py_rme_canary\logic_layer\brush_definitions.py:649:32: error: Incompatible types in assignment (expression has type "int | None", variable has type "Path")  [assignment]
py_rme_canary\logic_layer\brush_definitions.py:651:25: error: Statement is unreachable  [unreachable]
py_rme_canary\logic_layer\brush_definitions.py:653:32: error: No overload variant of "int" matches argument type "Path"  [call-overload]
py_rme_canary\logic_layer\brush_definitions.py:653:32: note: Possible overload variants:
py_rme_canary\logic_layer\brush_definitions.py:653:32: note:     def int(str | Buffer | SupportsInt | SupportsIndex | SupportsTrunc = ..., /) -> int
py_rme_canary\logic_layer\brush_definitions.py:653:32: note:     def int(str | bytes | bytearray, /, base: SupportsIndex) -> int
py_rme_canary\core\io\otbm\loader.py:266:26: error: Extra key "dynamic_id_conversions" for TypedDict "LoadReport"  [typeddict-unknown-key]
py_rme_canary\logic_layer\context_menu_handlers.py:28:5: error: Function is missing a type annotation for one or more arguments  [no-untyped-def]
py_rme_canary\logic_layer\context_menu_handlers.py:95:9: error: Property "id" defined in "Item" is read-only  [misc]
py_rme_canary\logic_layer\context_menu_handlers.py:126:9: error: Property "id" defined in "Item" is read-only  [misc]
py_rme_canary\logic_layer\context_menu_handlers.py:168:9: error: Item "None" of "QClipboard | None" has no attribute "setText"  [union-attr]
py_rme_canary\logic_layer\context_menu_handlers.py:181:9: error: Item "None" of "QClipboard | None" has no attribute "setText"  [union-attr]
py_rme_canary\logic_layer\context_menu_handlers.py:191:9: error: Item "None" of "QClipboard | None" has no attribute "setText"  [union-attr]
py_rme_canary\logic_layer\context_menu_handlers.py:205:9: error: Item "None" of "QClipboard | None" has no attribute "setText"  [union-attr]
[1;33m[WARN][0m    [2026-01-31 00:23:05] Mypy: erros de tipagem detectados
[0;36m[INFO][0m    [2026-01-31 00:23:05] Executando Radon (complexidade)...
[1;33m[WARN][0m    [2026-01-31 00:23:09] Radon: 187 função(ões) com complexidade > 10
[0;36m[INFO][0m    [2026-01-31 00:23:09] Executando Pyright (type checking avançado)...
[0;36m[INFO][0m    [2026-01-31 00:23:10] Executando Complexipy (cognitive complexity)...
[1;33m[WARN][0m    [2026-01-31 00:23:10] Complexipy não disponível - instale com: pip install complexipy
[0;36m[INFO][0m    [2026-01-31 00:23:10] Executando Lizard (cyclomatic complexity)...
[1;33m[WARN][0m    [2026-01-31 00:23:10] Lizard não disponível - instale com: pip install lizard
[0;36m[INFO][0m    [2026-01-31 00:23:10] === FASE 3: ANÁLISE COMPLEMENTAR ===
[0;36m[INFO][0m    [2026-01-31 00:23:10] Executando Pylint (análise complementar)...
[0;36m[INFO][0m    [2026-01-31 00:24:29] Pylint: 3115 issue(s) encontrado(s)
[0;36m[INFO][0m    [2026-01-31 00:24:29] Executando Prospector (linter aggregator)...
[1;33m[WARN][0m    [2026-01-31 00:24:29] Prospector não disponível - instale com: pip install prospector
[0;36m[INFO][0m    [2026-01-31 00:24:29] Executando Vulture (código morto)...
[1;33m[WARN][0m    [2026-01-31 00:24:30] Vulture não disponível - instale com: pip install vulture
[0;36m[INFO][0m    [2026-01-31 00:24:30] Executando Skylos (dead code + security analysis)...
[1;33m[WARN][0m    [2026-01-31 00:24:30] Skylos não disponível - instale com: pip install skylos
[0;36m[INFO][0m    [2026-01-31 00:24:30] Executando jscpd (código duplicado)...
Clone found (python):
 - [1m[32mpy_rme_canary\tests\unit\vis_layer\ui\test_overlays.py[39m[22m [91:5 - 107:43] (16 lines, 129 tokens)
   [1m[32mpy_rme_canary\tests\unit\vis_layer\ui\test_overlays.py[39m[22m [14:5 - 30:42]

Clone found (python):
 - [1m[32mpy_rme_canary\tests\unit\vis_layer\ui\test_overlays.py[39m[22m [155:5 - 171:39] (16 lines, 129 tokens)
   [1m[32mpy_rme_canary\tests\unit\vis_layer\ui\test_overlays.py[39m[22m [14:5 - 30:42]

Clone found (python):
 - [1m[32mpy_rme_canary\vis_layer\ui\widgets\layer_manager.py[39m[22m [181:9 - 193:12] (12 lines, 99 tokens)
   [1m[32mpy_rme_canary\vis_layer\ui\widgets\undo_redo.py[39m[22m [51:9 - 63:13]

Clone found (python):
 - [1m[32mpy_rme_canary\vis_layer\ui\overlays\drag_shadow.py[39m[22m [165:17 - 175:5] (10 lines, 124 tokens)
   [1m[32mpy_rme_canary\vis_layer\ui\overlays\paste_preview.py[39m[22m [123:11 - 133:7]

Clone found (python):
 - [1m[32mpy_rme_canary\vis_layer\ui\main_window\qt_map_editor_dialogs.py[39m[22m [54:29 - 65:2] (11 lines, 137 tokens)
   [1m[32mpy_rme_canary\vis_layer\ui\main_window\qt_map_editor_dialogs.py[39m[22m [28:7 - 37:2]

Clone found (python):
 - [1m[32mpy_rme_canary\vis_layer\ui\main_window\qt_map_editor_assets.py[39m[22m [429:2 - 440:4] (11 lines, 145 tokens)
   [1m[32mpy_rme_canary\vis_layer\ui\main_window\qt_map_editor_assets.py[39m[22m [356:2 - 367:4]

Clone found (python):
 - [1m[32mpy_rme_canary\vis_layer\ui\main_window\live_connect.py[39m[22m [66:14 - 90:2] (24 lines, 253 tokens)
   [1m[32mpy_rme_canary\vis_layer\ui\main_window\live_connect.py[39m[22m [29:3 - 53:5]

Clone found (python):
 - [1m[32mpy_rme_canary\vis_layer\ui\dialogs\waypoint_dialog.py[39m[22m [41:2 - 54:19] (13 lines, 143 tokens)
   [1m[32mpy_rme_canary\vis_layer\ui\dialogs\zone_town_dialogs.py[39m[22m [395:2 - 408:15]

Clone found (python):
 - [1m[32mpy_rme_canary\vis_layer\ui\dialogs\waypoint_dialog.py[39m[22m [115:9 - 184:12] (69 lines, 98 tokens)
   [1m[32mpy_rme_canary\vis_layer\ui\dialogs\zone_town_dialogs.py[39m[22m [464:9 - 519:12]

Clone found (python):
 - [1m[32mpy_rme_canary\vis_layer\ui\dialogs\spawn_manager.py[39m[22m [188:4 - 200:11] (12 lines, 92 tokens)
   [1m[32mpy_rme_canary\vis_layer\ui\dialogs\zone_town_dialogs.py[39m[22m [313:4 - 325:7]

Clone found (python):
 - [1m[32mpy_rme_canary\vis_layer\ui\dialogs\spawn_manager.py[39m[22m [267:9 - 310:12] (43 lines, 83 tokens)
   [1m[32mpy_rme_canary\vis_layer\ui\dialogs\zone_town_dialogs.py[39m[22m [354:9 - 382:12]

Clone found (python):
 - [1m[32mpy_rme_canary\vis_layer\ui\dialogs\shortcuts_dialog.py[39m[22m [164:4 - 176:9] (12 lines, 92 tokens)
   [1m[32mpy_rme_canary\vis_layer\ui\dialogs\waypoint_dialog.py[39m[22m [331:4 - 343:16]

Clone found (python):
 - [1m[32mpy_rme_canary\vis_layer\ui\dialogs\png_export_dialog.py[39m[22m [258:9 - 268:30] (10 lines, 128 tokens)
   [1m[32mpy_rme_canary\vis_layer\ui\dialogs\png_export_dialog.py[39m[22m [190:9 - 200:7]

Clone found (python):
 - [1m[32mpy_rme_canary\vis_layer\ui\dialogs\house_dialog.py[39m[22m [117:13 - 155:12] (38 lines, 171 tokens)
   [1m[32mpy_rme_canary\vis_layer\ui\dialogs\spawn_manager.py[39m[22m [117:9 - 155:12]

Clone found (python):
 - [1m[32mpy_rme_canary\vis_layer\ui\dialogs\house_dialog.py[39m[22m [260:8 - 312:12] (52 lines, 145 tokens)
   [1m[32mpy_rme_canary\vis_layer\ui\dialogs\zone_town_dialogs.py[39m[22m [133:9 - 195:12]

Clone found (python):
 - [1m[32mpy_rme_canary\vis_layer\ui\dialogs\house_dialog.py[39m[22m [468:4 - 485:5] (17 lines, 121 tokens)
   [1m[32mpy_rme_canary\vis_layer\ui\dialogs\zone_town_dialogs.py[39m[22m [313:4 - 330:5]

Clone found (python):
 - [1m[32mpy_rme_canary\vis_layer\ui\dialogs\house_dialog.py[39m[22m [507:12 - 542:12] (35 lines, 93 tokens)
   [1m[32mpy_rme_canary\vis_layer\ui\dialogs\zone_town_dialogs.py[39m[22m [351:5 - 382:12]

Clone found (python):
 - [1m[32mpy_rme_canary\vis_layer\ui\dialogs\find_replace_dialog.py[39m[22m [48:2 - 60:15] (12 lines, 93 tokens)
   [1m[32mpy_rme_canary\vis_layer\ui\dialogs\spawn_manager.py[39m[22m [188:2 - 325:7]

Clone found (python):
 - [1m[32mpy_rme_canary\vis_layer\ui\canvas\widget.py[39m[22m [398:21 - 441:46] (43 lines, 507 tokens)
   [1m[32mpy_rme_canary\vis_layer\ui\canvas\widget.py[39m[22m [329:25 - 371:3]

Clone found (python):
 - [1m[32mpy_rme_canary\tests\unit\vis_layer\test_map_drawer_overlays.py[39m[22m [11:1 - 24:16] (13 lines, 154 tokens)
   [1m[32mpy_rme_canary\tests\unit\vis_layer\test_map_drawer_tooltips.py[39m[22m [9:1 - 22:13]

Clone found (python):
 - [1m[32mpy_rme_canary\tests\unit\logic_layer\test_house_exit_brush.py[39m[22m [79:5 - 89:5] (10 lines, 105 tokens)
   [1m[32mpy_rme_canary\tests\unit\logic_layer\test_house_exit_brush.py[39m[22m [62:5 - 72:6]

Clone found (python):
 - [1m[32mpy_rme_canary\tests\unit\logic_layer\test_house_exit_brush.py[39m[22m [119:6 - 129:7] (10 lines, 125 tokens)
   [1m[32mpy_rme_canary\tests\unit\logic_layer\test_house_exit_brush.py[39m[22m [96:10 - 106:5]

Clone found (python):
 - [1m[32mpy_rme_canary\tests\unit\logic_layer\test_house_exit_brush.py[39m[22m [139:2 - 153:5] (14 lines, 160 tokens)
   [1m[32mpy_rme_canary\tests\unit\logic_layer\test_house_exit_brush.py[39m[22m [96:10 - 110:6]

Clone found (python):
 - [1m[32mpy_rme_canary\tests\unit\logic_layer\test_house_brush.py[39m[22m [17:1 - 37:2] (20 lines, 166 tokens)
   [1m[32mpy_rme_canary\tests\unit\logic_layer\test_house_exit_brush.py[39m[22m [17:1 - 33:2]

Clone found (python):
 - [1m[32mpy_rme_canary\tests\unit\logic_layer\test_house_brush.py[39m[22m [59:5 - 70:2] (11 lines, 115 tokens)
   [1m[32mpy_rme_canary\tests\unit\logic_layer\test_house_brush.py[39m[22m [43:5 - 54:9]

Clone found (python):
 - [1m[32mpy_rme_canary\tests\unit\logic_layer\test_house_brush.py[39m[22m [183:5 - 195:51] (12 lines, 99 tokens)
   [1m[32mpy_rme_canary\tests\unit\logic_layer\test_spawn_monster_brush.py[39m[22m [69:3 - 81:55]

Clone found (python):
 - [1m[32mpy_rme_canary\tests\unit\logic_layer\test_carpet_brush.py[39m[22m [36:12 - 55:52] (19 lines, 208 tokens)
   [1m[32mpy_rme_canary\tests\unit\logic_layer\test_table_brush.py[39m[22m [41:11 - 60:50]

Clone found (python):
 - [1m[32mpy_rme_canary\core\io\xml\spawns_loader.py[39m[22m [115:5 - 128:11] (13 lines, 132 tokens)
   [1m[32mpy_rme_canary\core\io\xml\spawns_loader.py[39m[22m [88:5 - 101:5]

Clone found (python):
 - [1m[32mpy_rme_canary\core\io\xml\spawns_loader.py[39m[22m [178:13 - 189:13] (11 lines, 99 tokens)
   [1m[32mpy_rme_canary\core\io\xml\spawns_loader.py[39m[22m [158:10 - 169:12]

Clone found (python):
 - [1m[32mpy_rme_canary\core\io\otbm\saver.py[39m[22m [319:9 - 329:22] (10 lines, 166 tokens)
   [1m[32mpy_rme_canary\core\io\otbm\saver.py[39m[22m [308:13 - 317:5]

Clone found (python):
 - [1m[32mpy_rme_canary\core\io\otbm\saver.py[39m[22m [451:5 - 465:15] (14 lines, 216 tokens)
   [1m[32mpy_rme_canary\core\io\otbm\saver.py[39m[22m [400:5 - 414:74]

Clone found (python):
 - [1m[32mpy_rme_canary\core\io\otbm\saver.py[39m[22m [465:5 - 480:9] (15 lines, 173 tokens)
   [1m[32mpy_rme_canary\core\io\otbm\saver.py[39m[22m [415:5 - 430:5]

Clone found (python):
 - [1m[32mpy_rme_canary\core\io\otbm\saver.py[39m[22m [480:9 - 491:80] (11 lines, 162 tokens)
   [1m[32mpy_rme_canary\core\io\otbm\saver.py[39m[22m [430:5 - 441:4]

Clone found (python):
 - [1m[32mpy_rme_canary\vis_layer\renderer\opengl_canvas.py[39m[22m [99:5 - 110:14] (11 lines, 132 tokens)
   [1m[32mpy_rme_canary\vis_layer\ui\canvas\widget.py[39m[22m [61:5 - 72:8]

Clone found (python):
 - [1m[32mpy_rme_canary\vis_layer\renderer\opengl_canvas.py[39m[22m [110:14 - 122:8] (12 lines, 149 tokens)
   [1m[32mpy_rme_canary\vis_layer\ui\canvas\widget.py[39m[22m [72:8 - 84:3]

Clone found (python):
 - [1m[32mpy_rme_canary\vis_layer\renderer\opengl_canvas.py[39m[22m [122:9 - 250:17] (128 lines, 1745 tokens)
   [1m[32mpy_rme_canary\vis_layer\ui\canvas\widget.py[39m[22m [86:9 - 214:36]

Clone found (python):
 - [1m[32mpy_rme_canary\vis_layer\renderer\opengl_canvas.py[39m[22m [250:9 - 270:13] (20 lines, 396 tokens)
   [1m[32mpy_rme_canary\vis_layer\ui\canvas\widget.py[39m[22m [215:9 - 235:22]

Clone found (python):
 - [1m[32mpy_rme_canary\vis_layer\renderer\opengl_canvas.py[39m[22m [385:2 - 395:5] (10 lines, 104 tokens)
   [1m[32mpy_rme_canary\vis_layer\ui\canvas\widget.py[39m[22m [251:7 - 261:7]

Clone found (python):
 - [1m[32mpy_rme_canary\vis_layer\renderer\opengl_canvas.py[39m[22m [408:9 - 420:7] (12 lines, 165 tokens)
   [1m[32mpy_rme_canary\vis_layer\ui\canvas\widget.py[39m[22m [320:21 - 385:5]

Clone found (python):
 - [1m[32mpy_rme_canary\vis_layer\renderer\opengl_canvas.py[39m[22m [420:7 - 476:5] (56 lines, 682 tokens)
   [1m[32mpy_rme_canary\vis_layer\ui\canvas\widget.py[39m[22m [385:8 - 371:8]

Clone found (python):
 - [1m[32mpy_rme_canary\vis_layer\renderer\opengl_canvas.py[39m[22m [481:9 - 511:2] (30 lines, 513 tokens)
   [1m[32mpy_rme_canary\vis_layer\ui\canvas\widget.py[39m[22m [442:9 - 472:3]

Clone found (python):
 - [1m[32mpy_rme_canary\vis_layer\renderer\opengl_canvas.py[39m[22m [513:4 - 531:20] (18 lines, 248 tokens)
   [1m[32mpy_rme_canary\vis_layer\renderer\opengl_canvas.py[39m[22m [371:9 - 389:22]

Clone found (python):
 - [1m[32mpy_rme_canary\vis_layer\renderer\opengl_canvas.py[39m[22m [560:9 - 581:3] (21 lines, 276 tokens)
   [1m[32mpy_rme_canary\vis_layer\ui\canvas\widget.py[39m[22m [513:9 - 534:51]

Clone found (python):
 - [1m[32mpy_rme_canary\vis_layer\renderer\opengl_canvas.py[39m[22m [581:9 - 594:9] (13 lines, 209 tokens)
   [1m[32mpy_rme_canary\vis_layer\ui\canvas\widget.py[39m[22m [535:9 - 548:3]

Clone found (python):
 - [1m[32mpy_rme_canary\vis_layer\renderer\opengl_canvas.py[39m[22m [602:17 - 615:9] (13 lines, 148 tokens)
   [1m[32mpy_rme_canary\vis_layer\ui\canvas\widget.py[39m[22m [579:17 - 592:23]

Clone found (python):
 - [1m[32mpy_rme_canary\vis_layer\renderer\opengl_canvas.py[39m[22m [624:9 - 655:5] (31 lines, 438 tokens)
   [1m[32mpy_rme_canary\vis_layer\ui\canvas\widget.py[39m[22m [603:9 - 634:3]

Clone found (python):
 - [1m[32mpy_rme_canary\vis_layer\renderer\opengl_canvas.py[39m[22m [714:9 - 748:11] (34 lines, 387 tokens)
   [1m[32mpy_rme_canary\vis_layer\ui\canvas\widget.py[39m[22m [708:9 - 742:19]

Clone found (python):
 - [1m[32mpy_rme_canary\tests\unit\test_otmm_loader.py[39m[22m [198:3 - 214:6] (16 lines, 169 tokens)
   [1m[32mpy_rme_canary\tests\unit\test_otmm_saver.py[39m[22m [96:7 - 111:7]

Clone found (python):
 - [1m[32mpy_rme_canary\tests\unit\test_autoborder_wall_like.py[39m[22m [59:8 - 72:4] (13 lines, 213 tokens)
   [1m[32mpy_rme_canary\tests\unit\test_autoborder_wall_like.py[39m[22m [41:9 - 54:4]

Clone found (python):
 - [1m[32mpy_rme_canary\logic_layer\cross_version\clipboard.py[39m[22m [245:2 - 261:5] (16 lines, 142 tokens)
   [1m[32mpy_rme_canary\logic_layer\cross_version\clipboard.py[39m[22m [195:2 - 211:6]

Clone found (python):
 - [1m[32mpy_rme_canary\logic_layer\borders\processor.py[39m[22m [48:5 - 67:69] (19 lines, 151 tokens)
   [1m[32mpy_rme_canary\vis_layer\ui\dialogs\border_builder_dialog.py[39m[22m [99:5 - 118:4]

Clone found (python):
 - [1m[32mpy_rme_canary\logic_layer\borders\alignment.py[39m[22m [128:5 - 141:39] (13 lines, 135 tokens)
   [1m[32mpy_rme_canary\logic_layer\borders\alignment.py[39m[22m [31:5 - 44:4]

Clone found (python):
 - [1m[32mpy_rme_canary\core\io\spawn_xml.py[39m[22m [111:6 - 124:14] (13 lines, 121 tokens)
   [1m[32mpy_rme_canary\core\io\spawn_xml.py[39m[22m [31:10 - 44:18]

Clone found (python):
 - [1m[32mpy_rme_canary\core\io\spawn_xml.py[39m[22m [133:17 - 152:2] (19 lines, 227 tokens)
   [1m[32mpy_rme_canary\core\io\spawn_xml.py[39m[22m [54:17 - 73:7]

Clone found (python):
 - [1m[32mpy_rme_canary\core\io\spawn_xml.py[39m[22m [185:5 - 197:25] (12 lines, 165 tokens)
   [1m[32mpy_rme_canary\core\io\zones_xml.py[39m[22m [35:5 - 47:16]

Clone found (python):
 - [1m[32mpy_rme_canary\core\io\otmm.py[39m[22m [19:15 - 50:2] (31 lines, 164 tokens)
   [1m[32mpy_rme_canary\core\io\otmm_saver.py[39m[22m [13:11 - 45:5]

Clone found (python):
 - [1m[32mpy_rme_canary\core\io\otmm.py[39m[22m [50:1 - 61:9] (11 lines, 125 tokens)
   [1m[32mpy_rme_canary\tests\unit\test_otmm_saver.py[39m[22m [5:1 - 16:3]

Clone found (python):
 - [1m[32mpy_rme_canary\core\io\otmm.py[39m[22m [150:17 - 164:5] (14 lines, 133 tokens)
   [1m[32mpy_rme_canary\core\io\otbm\item_parser.py[39m[22m [283:21 - 297:6]

Clone found (python):
 - [1m[32mpy_rme_canary\core\io\otmm.py[39m[22m [287:9 - 313:5] (26 lines, 330 tokens)
   [1m[32mpy_rme_canary\core\io\otbm\loader.py[39m[22m [144:13 - 170:38]

Clone found (python):
 - [1m[32mpy_rme_canary\core\io\otmm.py[39m[22m [374:9 - 385:9] (11 lines, 169 tokens)
   [1m[32mpy_rme_canary\core\io\otbm\loader.py[39m[22m [255:9 - 266:3]

Clone found (python):
 - [1m[32mpy_rme_canary\core\io\houses_xml.py[39m[22m [65:9 - 83:17] (18 lines, 208 tokens)
   [1m[32mpy_rme_canary\core\io\zones_xml.py[39m[22m [29:2 - 47:16]

Clone found (python):
 - [1m[32mpy_rme_canary\core\database\items_otb.py[39m[22m [119:9 - 131:12] (12 lines, 113 tokens)
   [1m[32mpy_rme_canary\core\database\items_otb.py[39m[22m [82:9 - 94:11]

Clone found (python):
 - [1m[32mpy_rme_canary\core\data\tile.py[39m[22m [86:2 - 103:16] (17 lines, 121 tokens)
   [1m[32mpy_rme_canary\core\data\tile.py[39m[22m [65:2 - 82:16]

Clone found (python):
 - [1m[32mpy_rme_canary\core\data\tile.py[39m[22m [114:2 - 125:11] (11 lines, 76 tokens)
   [1m[32mpy_rme_canary\core\data\tile.py[39m[22m [71:10 - 82:16]

Clone found (python):
 - [1m[32mpy_rme_canary\core\constants\__init__.py[39m[22m [22:15 - 50:14] (28 lines, 139 tokens)
   [1m[32mpy_rme_canary\core\io\otbm\saver.py[39m[22m [24:11 - 52:10]

Clone found (python):
 - [1m[32mpy_rme_canary\core\config\user_settings.py[39m[22m [56:36 - 66:26] (10 lines, 118 tokens)
   [1m[32mpy_rme_canary\core\config\user_settings.py[39m[22m [39:36 - 49:26]

Clone found (python):
 - [1m[32mpy_rme_canary\core\assets\legacy_dat_spr.py[39m[22m [150:22 - 165:19] (15 lines, 161 tokens)
   [1m[32mpy_rme_canary\core\assets\sprite_appearances.py[39m[22m [274:15 - 288:19]

Clone found (python):
 - [1m[32mpy_rme_canary\core\assets\creatures_loader.py[39m[22m [178:13 - 194:9] (16 lines, 185 tokens)
   [1m[32mpy_rme_canary\core\assets\creatures_loader.py[39m[22m [142:13 - 158:47]

Clone found (python):
 - [1m[32mpy_rme_canary\tools\export_brushes_json.py[39m[22m [204:19 - 214:2] (10 lines, 136 tokens)
   [1m[32mpy_rme_canary\tools\export_brushes_json.py[39m[22m [174:21 - 184:11]

Clone found (python):
 - [1m[32mpy_rme_canary\logic_layer\spawn_npc_brush.py[39m[22m [156:9 - 169:5] (13 lines, 123 tokens)
   [1m[32mpy_rme_canary\logic_layer\spawn_npc_brush.py[39m[22m [106:9 - 119:11]

Clone found (python):
 - [1m[32mpy_rme_canary\logic_layer\spawn_monster_brush.py[39m[22m [68:15 - 90:12] (22 lines, 112 tokens)
   [1m[32mpy_rme_canary\logic_layer\spawn_npc_brush.py[39m[22m [68:11 - 90:12]

Clone found (python):
 - [1m[32mpy_rme_canary\logic_layer\spawn_monster_brush.py[39m[22m [106:9 - 118:11] (12 lines, 114 tokens)
   [1m[32mpy_rme_canary\logic_layer\spawn_npc_brush.py[39m[22m [106:9 - 118:5]

Clone found (python):
 - [1m[32mpy_rme_canary\logic_layer\spawn_monster_brush.py[39m[22m [156:9 - 168:5] (12 lines, 114 tokens)
   [1m[32mpy_rme_canary\logic_layer\spawn_npc_brush.py[39m[22m [106:9 - 118:5]

Clone found (python):
 - [1m[32mpy_rme_canary\logic_layer\remove_items.py[39m[22m [104:10 - 118:4] (14 lines, 94 tokens)
   [1m[32mpy_rme_canary\logic_layer\remove_items.py[39m[22m [75:2 - 88:10]

Clone found (python):
 - [1m[32mpy_rme_canary\logic_layer\remove_items.py[39m[22m [239:2 - 257:9] (18 lines, 160 tokens)
   [1m[32mpy_rme_canary\logic_layer\remove_items.py[39m[22m [67:2 - 85:8]

Clone found (python):
 - [1m[32mpy_rme_canary\logic_layer\remove_items.py[39m[22m [268:2 - 291:4] (23 lines, 169 tokens)
   [1m[32mpy_rme_canary\logic_layer\remove_items.py[39m[22m [95:2 - 260:10]

Clone found (python):
 - [1m[32mpy_rme_canary\logic_layer\png_exporter.py[39m[22m [270:2 - 281:10] (11 lines, 106 tokens)
   [1m[32mpy_rme_canary\logic_layer\png_exporter.py[39m[22m [185:2 - 196:6]

Clone found (python):
 - [1m[32mpy_rme_canary\logic_layer\npc_brush.py[39m[22m [73:9 - 83:5] (10 lines, 90 tokens)
   [1m[32mpy_rme_canary\logic_layer\remove_items.py[39m[22m [189:9 - 199:2]

Clone found (python):
 - [1m[32mpy_rme_canary\logic_layer\npc_brush.py[39m[22m [104:9 - 115:5] (11 lines, 99 tokens)
   [1m[32mpy_rme_canary\logic_layer\remove_items.py[39m[22m [189:9 - 84:4]

Clone found (python):
 - [1m[32mpy_rme_canary\logic_layer\monster_brush.py[39m[22m [126:9 - 136:13] (10 lines, 90 tokens)
   [1m[32mpy_rme_canary\logic_layer\remove_items.py[39m[22m [189:9 - 199:2]

Clone found (python):
 - [1m[32mpy_rme_canary\logic_layer\monster_brush.py[39m[22m [168:9 - 180:5] (12 lines, 106 tokens)
   [1m[32mpy_rme_canary\logic_layer\remove_items.py[39m[22m [189:9 - 138:14]

Clone found (python):
 - [1m[32mpy_rme_canary\logic_layer\map_metadata_actions.py[39m[22m [135:5 - 165:27] (30 lines, 314 tokens)
   [1m[32mpy_rme_canary\logic_layer\map_metadata_actions.py[39m[22m [94:5 - 124:22]

Clone found (python):
 - [1m[32mpy_rme_canary\logic_layer\house_brush.py[39m[22m [104:9 - 130:12] (26 lines, 111 tokens)
   [1m[32mpy_rme_canary\logic_layer\waypoint_brush.py[39m[22m [55:9 - 77:12]

Clone found (python):
 - [1m[32mpy_rme_canary\logic_layer\house_brush.py[39m[22m [231:3 - 244:12] (13 lines, 114 tokens)
   [1m[32mpy_rme_canary\logic_layer\replace_items.py[39m[22m [35:2 - 48:5]

Clone found (python):
 - [1m[32mpy_rme_canary\logic_layer\house_brush.py[39m[22m [252:9 - 266:2] (14 lines, 126 tokens)
   [1m[32mpy_rme_canary\logic_layer\house_brush.py[39m[22m [230:9 - 48:5]

Clone found (python):
 - [1m[32mpy_rme_canary\logic_layer\flag_brush.py[39m[22m [98:9 - 111:47] (13 lines, 99 tokens)
   [1m[32mpy_rme_canary\logic_layer\house_brush.py[39m[22m [157:2 - 183:12]

Clone found (python):
 - [1m[32mpy_rme_canary\logic_layer\eraser_brush.py[39m[22m [102:2 - 112:9] (10 lines, 80 tokens)
   [1m[32mpy_rme_canary\logic_layer\cross_version\clipboard.py[39m[22m [135:2 - 144:37]

Clone found (python):
 - [1m[32mpy_rme_canary\logic_layer\drawing_options.py[39m[22m [244:9 - 257:6] (13 lines, 128 tokens)
   [1m[32mpy_rme_canary\logic_layer\drawing_options.py[39m[22m [204:9 - 217:5]

Clone found (python):
 - [1m[32mpy_rme_canary\logic_layer\door_brush.py[39m[22m [109:5 - 127:21] (18 lines, 143 tokens)
   [1m[32mpy_rme_canary\logic_layer\cross_version\clipboard.py[39m[22m [51:5 - 69:16]

Clone found (python):
 - [1m[32mpy_rme_canary\logic_layer\clipboard.py[39m[22m [171:12 - 181:7] (10 lines, 127 tokens)
   [1m[32mpy_rme_canary\logic_layer\clipboard.py[39m[22m [143:9 - 153:11]

Clone found (python):
 - [1m[32mpy_rme_canary\logic_layer\clipboard.py[39m[22m [272:5 - 287:7] (15 lines, 255 tokens)
   [1m[32mpy_rme_canary\logic_layer\clipboard.py[39m[22m [233:5 - 248:11]

[32mJSON report saved to .quality_reports\jscpd-report.json[39m
[3m[90mDetection time:[39m[23m: 11.143s
[1;33m[WARN][0m    [2026-01-31 00:24:45] jscpd: 91 bloco(s) duplicado(s) (2.58% do código)
[0;36m[INFO][0m    [2026-01-31 00:24:46]   Revise .quality_reports/jscpd.json para detalhes
[0;36m[INFO][0m    [2026-01-31 00:24:46] === FASE 4: SEGURANÇA ===
[0;36m[INFO][0m    [2026-01-31 00:24:46] --- Fase 4.1: Secret Scanning ---
[0;36m[INFO][0m    [2026-01-31 00:24:46] Executando detect-secrets (secret scanning)...
[1;33m[WARN][0m    [2026-01-31 00:24:46] Nenhuma ferramenta de secret scanning disponível
[0;36m[INFO][0m    [2026-01-31 00:24:46]   Instale: pip install detect-secrets
[0;36m[INFO][0m    [2026-01-31 00:24:46]   Ou: brew install gitleaks / go install github.com/gitleaks/gitleaks/v8@latest
[0;36m[INFO][0m    [2026-01-31 00:24:46] --- Fase 4.2: Code Security ---
[0;36m[INFO][0m    [2026-01-31 00:24:46] Executando Bandit (segurança)...
[1;33m[WARN][0m    [2026-01-31 00:25:02] Bandit: 1 potencial(is) vulnerabilidade(s)
[0;36m[INFO][0m    [2026-01-31 00:25:02] Executando Semgrep (análise de padrões)...
[1;33m[WARN][0m    [2026-01-31 00:25:03] Semgrep não disponível - instale com: pip install semgrep
[0;36m[INFO][0m    [2026-01-31 00:25:03] SonarLint pulado (--skip-sonarlint)
[0;36m[INFO][0m    [2026-01-31 00:25:03] --- Fase 4.3: Dependency Vulnerabilities ---
[0;36m[INFO][0m    [2026-01-31 00:25:03] Executando Safety (vulnerabilidades em dependências)...
[1;33m[WARN][0m    [2026-01-31 00:25:03] Safety não disponível - instale com: pip install safety
[0;36m[INFO][0m    [2026-01-31 00:25:03] Executando pip-audit (vulnerabilidades em dependências - PyPI/OSV)...
[1;33m[WARN][0m    [2026-01-31 00:25:03] pip-audit não disponível - instale com: pip install pip-audit
[0;36m[INFO][0m    [2026-01-31 00:25:04] Executando OSV-Scanner (vulnerabilidades multi-ecossistema)...
[1;33m[WARN][0m    [2026-01-31 00:25:04] OSV-Scanner não disponível
[0;36m[INFO][0m    [2026-01-31 00:25:04]   Instale: go install github.com/google/osv-scanner/cmd/osv-scanner@latest
[0;36m[INFO][0m    [2026-01-31 00:25:04] === FASE 5: DOCUMENTAÇÃO E TESTES ===
[0;36m[INFO][0m    [2026-01-31 00:25:04] Executando Interrogate (docstring coverage)...
[1;33m[WARN][0m    [2026-01-31 00:25:04] Interrogate não disponível - instale com: pip install interrogate
[0;36m[INFO][0m    [2026-01-31 00:25:04] Executando pydocstyle (PEP 257 compliance)...
[1;33m[WARN][0m    [2026-01-31 00:25:04] pydocstyle não disponível - instale com: pip install pydocstyle
[0;36m[INFO][0m    [2026-01-31 00:25:04] Executando Mutmut (mutation testing)...
[1;33m[WARN][0m    [2026-01-31 00:25:05] Mutmut não disponível - instale com: pip install mutmut
[0;36m[INFO][0m    [2026-01-31 00:25:05]   Nota: Mutation testing é computacionalmente intensivo
[0;36m[INFO][0m    [2026-01-31 00:25:05] === FASE 6: UI/UX AUTOMATION ===
[0;36m[INFO][0m    [2026-01-31 00:25:05] Executando PyAutoGUI UI automation tests...
[1;33m[WARN][0m    [2026-01-31 00:25:05] PyAutoGUI não disponível - instale com: pip install pyautogui
[0;36m[INFO][0m    [2026-01-31 00:25:05] Executando Pywinauto Windows GUI automation tests...
[1;33m[WARN][0m    [2026-01-31 00:25:05] Pywinauto não disponível - instale com: pip install pywinauto
[0;36m[INFO][0m    [2026-01-31 00:25:06] Executando Lighthouse (web quality audits)...
[0;36m[INFO][0m    [2026-01-31 00:25:09] Executando Percy (visual regression testing)...
[0;36m[INFO][0m    [2026-01-31 00:25:09] Executando Applitools (AI visual validation)...
[1;33m[WARN][0m    [2026-01-31 00:25:09] Applitools Eyes SDK não disponível - instale com: pip install eyes-selenium
[0;36m[INFO][0m    [2026-01-31 00:25:09]   Requer APPLITOOLS_API_KEY configurado
[0;36m[INFO][0m    [2026-01-31 00:25:09] === FASE 7: CONSOLIDAÇÃO ===
[0;36m[INFO][0m    [2026-01-31 00:25:09] Normalizando issues...
Normalizando issues...
V 2693 issues normalizados
  - Ruff: 2367
  - Radon: 326
  - ast-grep: 0
[0;36m[INFO][0m    [2026-01-31 00:25:10] Indexando símbolos → .quality_reports/symbols_after.json
Indexando simbolos...
V 3875 simbolos indexados
[0;36m[INFO][0m    [2026-01-31 00:25:13] Comparando símbolos (antes vs depois)...
✅ Símbolos consistentes
[0;32m[✓][0m       [2026-01-31 00:25:13] Comparação de símbolos concluída
[0;36m[INFO][0m    [2026-01-31 00:25:13] Gerando relatório consolidado...
✅ Relatório: .quality_reports/refactor_summary.md
[0;32m[✓][0m       [2026-01-31 00:25:13] === Pipeline v2.3 Concluído ===
[0;36m[INFO][0m    [2026-01-31 00:25:13] ℹ️  Modo dry-run: nenhuma alteração aplicada
[0;36m[INFO][0m    [2026-01-31 00:25:13] ℹ️  Execute com --apply para aplicar mudanças
